<?xml version="1.0" encoding="UTF-8"?>
<coverage generated="1674908402">
  <project timestamp="1674908402">
    <file name="/app/src/CountryVatFormatEmptinessValidator.php">
      <class name="rocketfellows\CountryVatFormatValidatorInterface\CountryVatFormatEmptinessValidator" namespace="global">
        <metrics complexity="1" methods="1" coveredmethods="1" conditionals="0" coveredconditionals="0" statements="1" coveredstatements="1" elements="2" coveredelements="2"/>
      </class>
      <line num="7" type="method" name="isValidFormat" visibility="protected" complexity="1" crap="1" count="2"/>
      <line num="9" type="stmt" count="2"/>
      <metrics loc="12" ncloc="12" classes="1" methods="1" coveredmethods="1" conditionals="0" coveredconditionals="0" statements="1" coveredstatements="1" elements="2" coveredelements="2"/>
    </file>
    <file name="/app/src/CountryVatFormatValidator.php">
      <class name="rocketfellows\CountryVatFormatValidatorInterface\CountryVatFormatValidator" namespace="global">
        <metrics complexity="2" methods="1" coveredmethods="1" conditionals="0" coveredconditionals="0" statements="7" coveredstatements="7" elements="8" coveredelements="8"/>
      </class>
      <line num="10" type="method" name="isValid" visibility="public" complexity="2" crap="2" count="8"/>
      <line num="13" type="stmt" count="8"/>
      <line num="14" type="stmt" count="4"/>
      <line num="15" type="stmt" count="4"/>
      <line num="16" type="stmt" count="4"/>
      <line num="17" type="stmt" count="4"/>
      <line num="18" type="stmt" count="4"/>
      <line num="19" type="stmt" count="4"/>
      <metrics loc="25" ncloc="25" classes="1" methods="1" coveredmethods="1" conditionals="0" coveredconditionals="0" statements="7" coveredstatements="7" elements="8" coveredelements="8"/>
    </file>
    <file name="/app/src/CountryVatFormatValidatorInterface.php">
      <metrics loc="14" ncloc="11" classes="0" methods="0" coveredmethods="0" conditionals="0" coveredconditionals="0" statements="0" coveredstatements="0" elements="0" coveredelements="0"/>
    </file>
    <metrics files="3" loc="51" ncloc="48" classes="2" methods="2" coveredmethods="2" conditionals="0" coveredconditionals="0" statements="8" coveredstatements="8" elements="10" coveredelements="10"/>
  </project>
</coverage>
